<?xml version="1.0" encoding="UTF-8"?>
<testng-results skipped="0" failed="0" total="1" passed="1">
  <reporter-output>
  </reporter-output>
  <suite name="Default suite" duration-ms="23741" started-at="2018-09-17T10:23:30Z" finished-at="2018-09-17T10:23:54Z">
    <groups>
    </groups>
    <test name="Default test" duration-ms="23741" started-at="2018-09-17T10:23:30Z" finished-at="2018-09-17T10:23:54Z">
      <class name="progit.Apgit">
        <test-method status="PASS" signature="m()[pri:0, instance:progit.Apgit@f5e5e3]" name="m" duration-ms="23647" started-at="2018-09-17T15:53:30Z" finished-at="2018-09-17T15:53:54Z">
          <reporter-output>
          </reporter-output>
        </test-method> <!-- m -->
      </class> <!-- progit.Apgit -->
    </test> <!-- Default test -->
  </suite> <!-- Default suite -->
</testng-results>
