<?xml version="1.0" encoding="UTF-8"?>
<testng-results skipped="0" failed="0" ignored="0" total="1" passed="1">
  <reporter-output>
  </reporter-output>
  <suite name="Suite" duration-ms="36897" started-at="2018-09-18T12:34:44Z" finished-at="2018-09-18T12:35:21Z">
    <groups>
    </groups>
    <test name="Test" duration-ms="36897" started-at="2018-09-18T12:34:44Z" finished-at="2018-09-18T12:35:21Z">
      <class name="demo.Demo">
        <test-method status="PASS" signature="m()[pri:0, instance:demo.Demo@1b11784]" name="m" duration-ms="36790" started-at="2018-09-18T12:34:44Z" finished-at="2018-09-18T12:35:21Z">
          <reporter-output>
          </reporter-output>
        </test-method> <!-- m -->
      </class> <!-- demo.Demo -->
    </test> <!-- Test -->
  </suite> <!-- Suite -->
</testng-results>
